<?xml version="1.0" encoding="UTF-8"?>
<!-- Generated by org.testng.reporters.JUnitXMLReporter -->
<testsuite ignored="0" hostname="DESKTOP-4D9JFEI" failures="0" tests="2" name="amazon" time="0.033" errors="0" timestamp="2023-04-28T22:42:52 CEST">
  <testcase classname="core.Page" name="@BeforeTest generateReportLog" time="0.001">
    <skipped/>
  </testcase> <!-- @BeforeTest generateReportLog -->
  <testcase classname="core.Page" name="@BeforeClass readXpath" time="0.0">
    <skipped/>
  </testcase> <!-- @BeforeClass readXpath -->
  <testcase classname="core.Page" name="@BeforeMethod openBrowser" time="0.0">
    <skipped/>
  </testcase> <!-- @BeforeMethod openBrowser -->
  <testcase classname="core.Page" name="@AfterMethod closeBrowser" time="0.0">
    <skipped/>
  </testcase> <!-- @AfterMethod closeBrowser -->
  <testcase classname="core.Page" name="@BeforeMethod openBrowser" time="0.0">
    <skipped/>
  </testcase> <!-- @BeforeMethod openBrowser -->
  <testcase classname="core.Page" name="@AfterMethod closeBrowser" time="0.0">
    <skipped/>
  </testcase> <!-- @AfterMethod closeBrowser -->
  <testcase classname="core.Page" name="@AfterTest afterTest" time="0.0">
    <skipped/>
  </testcase> <!-- @AfterTest afterTest -->
  <testcase classname="testcases.AmazonTest" name="test" time="0.0">
    <skipped/>
  </testcase> <!-- test -->
  <testcase classname="testcases.AmazonTest" name="test" time="0.0">
    <skipped/>
  </testcase> <!-- test -->
</testsuite> <!-- amazon -->
