<?xml version="1.0" encoding="UTF-8"?>
<!-- Generated by org.testng.reporters.JUnitXMLReporter -->
<testsuite ignored="0" hostname="DESKTOP-4D9JFEI" failures="0" tests="3" name="facebook" time="0.967" errors="0" timestamp="2023-04-28T22:42:52 CEST">
  <testcase classname="core.Page" name="@BeforeClass readXpath" time="0.001">
    <failure type="java.io.FileNotFoundException" message="C:\Users\gamma\workspace\DemoHybridFramework\src\test\resources\.properties (The system cannot find the file specified)">
      <![CDATA[java.io.FileNotFoundException: C:\Users\gamma\workspace\DemoHybridFramework\src\test\resources\.properties (The system cannot find the file specified)
at java.base/java.io.FileInputStream.open0(Native Method)
at java.base/java.io.FileInputStream.open(FileInputStream.java:216)
at java.base/java.io.FileInputStream.<init>(FileInputStream.java:157)
at java.base/java.io.FileInputStream.<init>(FileInputStream.java:111)
at core.Page.readXpath(Page.java:99)
at java.base/java.util.ArrayList.forEach(ArrayList.java:1511)
... Removed 25 stack frames]]>
    </failure>
  </testcase> <!-- @BeforeClass readXpath -->
  <testcase classname="core.Page" name="@BeforeMethod openBrowser" time="0.0">
    <skipped/>
  </testcase> <!-- @BeforeMethod openBrowser -->
  <testcase classname="core.Page" name="@AfterMethod closeBrowser" time="0.0">
    <skipped/>
  </testcase> <!-- @AfterMethod closeBrowser -->
  <testcase classname="core.Page" name="@BeforeMethod openBrowser" time="0.0">
    <skipped/>
  </testcase> <!-- @BeforeMethod openBrowser -->
  <testcase classname="core.Page" name="@AfterMethod closeBrowser" time="0.0">
    <skipped/>
  </testcase> <!-- @AfterMethod closeBrowser -->
  <testcase classname="core.Page" name="@BeforeMethod openBrowser" time="0.0">
    <skipped/>
  </testcase> <!-- @BeforeMethod openBrowser -->
  <testcase classname="core.Page" name="@AfterMethod closeBrowser" time="0.0">
    <skipped/>
  </testcase> <!-- @AfterMethod closeBrowser -->
  <testcase classname="testcases.FacebookTest" name="test" time="0.0">
    <skipped/>
  </testcase> <!-- test -->
  <testcase classname="testcases.FacebookTest" name="test" time="0.0">
    <skipped/>
  </testcase> <!-- test -->
  <testcase classname="testcases.FacebookTest" name="test" time="0.0">
    <skipped/>
  </testcase> <!-- test -->
</testsuite> <!-- facebook -->
